<?xml version="1.0" encoding="UTF-8"?>
<!-- Generated by org.testng.reporters.JUnitReportReporter -->
<testsuite hostname="PMLDVBALAJID" failures="0" tests="6" name="parallel.MyTestRunners" time="352.346" errors="1" timestamp="2024-05-13T18:34:34 IST" skipped="0">
  <testcase classname="parallel.MyTestRunners" name="runScenario" time="83.616"/>
  <testcase classname="parallel.MyTestRunners" name="runScenario" time="49.851"/>
  <testcase classname="parallel.MyTestRunners" name="runScenario" time="13.086">
    <error message="/ by zero" type="java.lang.ArithmeticException">
      <![CDATA[java.lang.ArithmeticException: / by zero
at parallel.TestFailedScenarioStep.check_the_arithmetic_expression(TestFailedScenarioStep.java:12)
at âœ½.check the arithmetic expression(file:///C:/Users/balaji.d/eclipse-workspace/CucumberPOMSeries/src/test/resources/parallel/TestFailedScenario.feature:3)
]]>
    </error>
  </testcase> <!-- runScenario -->
  <testcase classname="parallel.MyTestRunners" name="runScenario" time="83.384"/>
  <testcase classname="parallel.MyTestRunners" name="runScenario" time="39.415"/>
  <testcase classname="parallel.MyTestRunners" name="runScenario" time="82.994"/>
</testsuite> <!-- parallel.MyTestRunners -->
