<?xml version="1.0" encoding="UTF-8"?>
<!-- Generated by org.testng.reporters.JUnitReportReporter -->
<testsuite hostname="PMLDVBALAJID" failures="0" tests="1" name="parallel.FailedRun" time="14.665" errors="1" timestamp="2024-05-13T18:40:59 IST" skipped="0">
  <testcase classname="parallel.FailedRun" name="runScenario" time="14.665">
    <error message="/ by zero" type="java.lang.ArithmeticException">
      <![CDATA[java.lang.ArithmeticException: / by zero
at parallel.TestFailedScenarioStep.check_the_arithmetic_expression(TestFailedScenarioStep.java:12)
at âœ½.check the arithmetic expression(file:///C:/Users/balaji.d/eclipse-workspace/CucumberPOMSeries/src/test/resources/parallel/TestFailedScenario.feature:3)
]]>
    </error>
  </testcase> <!-- runScenario -->
</testsuite> <!-- parallel.FailedRun -->
